G:\lattice\radiant\synpbase\bin64\c_hdl.exe  -osyn  C:\Users\11091\Desktop\FPGA_Active_By_yinghe\my_prj\simple_DDS\DDS\DDS_simple\synwork\DDS_simple_DDS_simple_comp.srs  -top  top  -hdllog  C:\Users\11091\Desktop\FPGA_Active_By_yinghe\my_prj\simple_DDS\DDS\DDS_simple\synlog\DDS_simple_DDS_simple_compiler.srr  -encrypt  -mp  4  -verification_mode 0  -vhdl  -prodtype  synplify_pro  -primux -fixsmult -infer_seqShift -ice -sdff_counter -nram -divnmod -nostructver  -encrypt  -pro  -dmgen  C:\Users\11091\Desktop\FPGA_Active_By_yinghe\my_prj\simple_DDS\DDS\DDS_simple\dm  -lite -ui -fid2 -ram -sharing on -ll 2000 -autosm  -ignore_undefined_lib  -lib pmi G:\lattice\radiant\ip\pmi\pmi.vhd  -verilog  -prodtype  synplify_pro  -primux -fixsmult -infer_seqShift -ice -sdff_counter -nram -divnmod -nostructver   -I C:\Users\11091\Desktop\FPGA_Active_By_yinghe\my_prj\simple_DDS\DDS  -I C:\Users\11091\Desktop\FPGA_Active_By_yinghe\my_prj\simple_DDS\DDS\pll_sys  -I C:\Users\11091\Desktop\FPGA_Active_By_yinghe\my_prj\simple_DDS\DDS\DDS_simple\  -I G:\lattice\radiant\synpbase\lib   -v2001  -devicelib  G:\lattice\radiant\synpbase\lib\generic\ice40up.v  -encrypt  -pro  -dmgen  C:\Users\11091\Desktop\FPGA_Active_By_yinghe\my_prj\simple_DDS\DDS\DDS_simple\dm  -ui -fid2 -ram -sharing on -ll 2000 -autosm  -D_MULTIPLE_FILE_COMPILATION_UNIT_  -lib work G:\lattice\radiant\ip\pmi\pmi.v -lib work C:\Users\11091\Desktop\FPGA_Active_By_yinghe\my_prj\simple_DDS\DDS\DDS_simple\source\acculator.v -lib work C:\Users\11091\Desktop\FPGA_Active_By_yinghe\my_prj\simple_DDS\DDS\DDS_simple\source\bcd_8421.v -lib work C:\Users\11091\Desktop\FPGA_Active_By_yinghe\my_prj\simple_DDS\DDS\DDS_simple\source\key_filter.v -lib work C:\Users\11091\Desktop\FPGA_Active_By_yinghe\my_prj\simple_DDS\DDS\DDS_simple\source\OLED12864.v -lib work C:\Users\11091\Desktop\FPGA_Active_By_yinghe\my_prj\simple_DDS\DDS\DDS_simple\source\pwm_adc.v -lib work C:\Users\11091\Desktop\FPGA_Active_By_yinghe\my_prj\simple_DDS\DDS\DDS_simple\source\raw_DDS.v -lib work C:\Users\11091\Desktop\FPGA_Active_By_yinghe\my_prj\simple_DDS\DDS\DDS_simple\source\state_fsm.v -lib work C:\Users\11091\Desktop\FPGA_Active_By_yinghe\my_prj\simple_DDS\DDS\DDS_simple\source\top.v -lib work C:\Users\11091\Desktop\FPGA_Active_By_yinghe\my_prj\simple_DDS\DDS\DDS_simple\source\user_rom8x2k.v -lib work C:\Users\11091\Desktop\FPGA_Active_By_yinghe\my_prj\simple_DDS\DDS\DDS_simple\source\wave_sel.v -lib work C:\Users\11091\Desktop\FPGA_Active_By_yinghe\my_prj\simple_DDS\DDS\pll_sys\rtl\pll_sys.v  -jobname  "compiler" 
relcom:G:\lattice\radiant\synpbase\bin64\c_hdl.exe -osyn ..\synwork\DDS_simple_DDS_simple_comp.srs -top top -hdllog ..\synlog\DDS_simple_DDS_simple_compiler.srr -encrypt -mp 4 -verification_mode 0 -vhdl -prodtype synplify_pro -primux -fixsmult -infer_seqShift -ice -sdff_counter -nram -divnmod -nostructver -encrypt -pro -dmgen ..\dm -lite -ui -fid2 -ram -sharing on -ll 2000 -autosm -ignore_undefined_lib -lib pmi G:\lattice\radiant\ip\pmi\pmi.vhd -verilog -prodtype synplify_pro -primux -fixsmult -infer_seqShift -ice -sdff_counter -nram -divnmod -nostructver -I ..\..\..\DDS -I ..\..\pll_sys -I ..\ -I G:\lattice\radiant\synpbase\lib -v2001 -devicelib G:\lattice\radiant\synpbase\lib\generic\ice40up.v -encrypt -pro -dmgen ..\dm -ui -fid2 -ram -sharing on -ll 2000 -autosm -D_MULTIPLE_FILE_COMPILATION_UNIT_ -lib work G:\lattice\radiant\ip\pmi\pmi.v -lib work ..\source\acculator.v -lib work ..\source\bcd_8421.v -lib work ..\source\key_filter.v -lib work ..\source\OLED12864.v -lib work ..\source\pwm_adc.v -lib work ..\source\raw_DDS.v -lib work ..\source\state_fsm.v -lib work ..\source\top.v -lib work ..\source\user_rom8x2k.v -lib work ..\source\wave_sel.v -lib work ..\..\pll_sys\rtl\pll_sys.v -jobname "compiler"
rc:0 success:1 runtime:6
file:..\synwork\DDS_simple_DDS_simple_comp.srs|io:o|time:1644491435|size:93341|exec:0|csum:
file:..\synlog\DDS_simple_DDS_simple_compiler.srr|io:o|time:1644491436|size:91047|exec:0|csum:
file:G:\lattice\radiant\ip\pmi\pmi.vhd|io:i|time:1515634011|size:9438|exec:0|csum:DB4260C0F9E2997427172DF913883FAC
file:G:\lattice\radiant\synpbase\lib\generic\ice40up.v|io:i|time:1513353490|size:26426|exec:0|csum:D4C61525392CB516CD39E101EC31BE6D
file:G:\lattice\radiant\ip\pmi\pmi.v|io:i|time:1517537440|size:212|exec:0|csum:90FC0D788B24306268587706E2C70BF6
file:..\source\acculator.v|io:i|time:1644324227|size:1666|exec:0|csum:07EF6B345AF61546B0459BBD72F130FF
file:..\source\bcd_8421.v|io:i|time:1643017728|size:3346|exec:0|csum:97703EFE8686C101FF891E9727939D41
file:..\source\key_filter.v|io:i|time:1643377566|size:821|exec:0|csum:9CCB96E54B3E604B535D368EAA5ECD83
file:..\source\OLED12864.v|io:i|time:1644323903|size:26655|exec:0|csum:DD593633DB5065491F4A2D41E765BA4C
file:..\source\pwm_adc.v|io:i|time:1644313527|size:1448|exec:0|csum:E70E57A190B7A16E48F16A6B8339092E
file:..\source\raw_DDS.v|io:i|time:1644489518|size:3029|exec:0|csum:875A650A43DA1CE8D6038C765E7DA98A
file:..\source\state_fsm.v|io:i|time:1643528043|size:643|exec:0|csum:AA84A8E0343CAC542C9CB26439E17BE7
file:..\source\top.v|io:i|time:1644491429|size:1895|exec:0|csum:3C7C3691B38B36E237A3A23F6B3B2961
file:..\source\user_rom8x2k.v|io:i|time:1644490677|size:2119|exec:0|csum:A148E5D6698F9DE30BBD000DA2D31F10
file:..\source\wave_sel.v|io:i|time:1643033830|size:0|exec:0|csum:D41D8CD98F00B204E9800998ECF8427E
file:..\..\pll_sys\rtl\pll_sys.v|io:i|time:1644032581|size:1883|exec:0|csum:4F88987C2C35EC7FA00ABC7FEEBEEC8A
file:G:\lattice\radiant\synpbase\bin64\c_hdl.exe|io:i|time:1513353474|size:5527040|exec:1|csum:B0FC75282263C9BC65A760D01C67ECBA
