---------------------------------------
Resource Usage Report for top 

Mapping to part: ice40up5ksg48high-performance_1.2v
Cell usage:
CCU2_B          120 uses
FD1P3BZ         10 uses
FD1P3DZ         501 uses
GND             12 uses
INV             24 uses
PDP4K           11 uses
PLL_B           1 use
VCC             12 uses
MAC16           3 uses
LUT4            1032 uses

I/O ports: 19
I/O primitives: 19
IB             5 uses
OB             14 uses

I/O Register bits:                  0
Register bits not including I/Os:   511 of 5280 (9%)

RAM/ROM usage summary
Block Rams : 11 of 30 (36%)


@S |Mapping Summary:
Total  LUTs: 1032 (19%)

Distribution of All Consumed LUTs = LUT4 
Distribution of All Consumed Luts 1032 = 1032 

